<?xml version="1.0" encoding="UTF-8"?>
<!-- Generated by org.testng.reporters.JUnitReportReporter -->
<testsuite hostname="DESKTOP-GIL2FHK" failures="0" tests="1" name="com.herokuapp.theinternet.ExceptionTests" time="5.588" errors="0" timestamp="2024-05-15T08:59:52 IST" skipped="0">
  <testcase classname="com.herokuapp.theinternet.ExceptionTests" name="staleElementReferenceExceptionTest" time="5.588"/>
</testsuite> <!-- com.herokuapp.theinternet.ExceptionTests -->
