<?xml version="1.0" encoding="UTF-8"?>
<!-- Generated by org.testng.reporters.JUnitReportReporter -->
<testsuite hostname="DESKTOP-GIL2FHK" failures="0" tests="2" name="com.herokuapp.theinternet.NegativeTests" time="24.147" errors="0" timestamp="2024-05-14T08:13:05 IST" skipped="0">
  <testcase classname="com.herokuapp.theinternet.NegativeTests" name="negativeUsernameTest" time="12.854"/>
  <testcase classname="com.herokuapp.theinternet.NegativeTests" name="negativeUsernameTest" time="11.293"/>
</testsuite> <!-- com.herokuapp.theinternet.NegativeTests -->
