<?xml version="1.0" encoding="UTF-8"?>
<!-- Generated by org.testng.reporters.JUnitReportReporter -->
<testsuite hostname="DESKTOP-GIL2FHK" failures="0" tests="1" name="com.herokuapp.theinternet.loginTests" time="99.330" errors="0" timestamp="2024-05-14T08:30:53 IST" skipped="0">
  <testcase classname="com.herokuapp.theinternet.loginTests" name="positiveLoginTest" time="99.330"/>
</testsuite> <!-- com.herokuapp.theinternet.loginTests -->
