<?xml version="1.0" encoding="UTF-8"?>
<!-- Generated by org.testng.reporters.JUnitReportReporter -->
<testsuite hostname="DESKTOP-GIL2FHK" failures="0" tests="1" name="com.herokuapp.theinternet.PositiveTests" time="20.878" errors="0" timestamp="2024-05-13T12:15:10 IST" skipped="0">
  <testcase classname="com.herokuapp.theinternet.PositiveTests" name="loginTest" time="20.878"/>
</testsuite> <!-- com.herokuapp.theinternet.PositiveTests -->
