<?xml version="1.0" encoding="UTF-8"?>
<!-- Generated by org.testng.reporters.JUnitReportReporter -->
<testsuite hostname="DESKTOP-GIL2FHK" failures="0" tests="2" name="com.herokuapp.theinternet.NegativeTests" time="21.528" errors="0" timestamp="2024-05-13T12:15:10 IST" skipped="0">
  <testcase classname="com.herokuapp.theinternet.NegativeTests" name="negativeUsernameTest" time="10.224"/>
  <testcase classname="com.herokuapp.theinternet.NegativeTests" name="negativePasswordTest" time="11.304"/>
</testsuite> <!-- com.herokuapp.theinternet.NegativeTests -->
